
 ---| by madcr


 i am tired. but i think it will quite suffice.


 207.1.31.225
 telnet pass - mill1234
 C1700-Y-M. IOS Version 12.1(3)


 207.4.14.34
 telnet pass - password
 enable pass - password
 C2900XL. IOS Version 12.0(5)XU


 207.4.15.34-35
 telnet pass - counterwise
 enable pass - counterwise
 C2900XL. IOS Version 12.0(5.2)XU


 207.4.71.99
 telnet pass - remotely
 enable pass - remotely
 C2900XL. IOS Version 12.0(5)XU

 
 207.4.96.55,56,59,60,61
 telnet pass - pr0Sys1s
 enable pass - pr0Sys1s
 C3500XL. IOS Version 12.0(5.2)XU


 207.4.97.10
 telnet pass - tray1
 C3500XL. IOS Version 12.0(5.1)XW

 
 207.4.113.34
 telnet pass - pot1318ag4e
 C2900XL. IOS Version 12.0(5.1)XP


 207.4.113.50
 telnet pass - delinquency
 C2900XL. IOS Version 12.0(5)XU


 207.4.119.66
 telnet pass - dhhsrus
 C3500XL. IOS Version 12.0(5)XU


 207.4.144.198
 telnet pass - DIRM1
 enable pass - DIRM1
 C2900XL. IOS Version 12.0(5.2)XU


 207.4.185.85,87
 telnet pass - hogrider
 C2900XL. IOS Version 12.0(5.2)XU


 207.4.189.194
 telnet pass - ssp
 C3500XL. IOS Version 12.0(5.2)XU


 207.4.247.114
 telnet pass - uspo
 enable pass - uspo
 C1700. IOS Version 12.1(3)


 207.4.251.9
 pass telnet - mrclean
 pass enable - mrclean
 C2900XL. IOS Verrsion 12.0(5.2)XU


 207.5.2.2
 sj02-pm3/larwood
 steveb/sr20det510
 is_administrator/nofear84
 2500. IOS Version 12.0(17)


 207.5.183.62
 telnet pass - go#sand
 C2900XL. IOS Version 12.0(5.2)XU


 207.5.186.27
 telnet pass - RheemMarkVII
 1600. IOS Version 12.0(3)


 207.8.52.169
 telnet pass - txa2trw
 C2900XL. IOS Version 12.0(5)XU


 207.8.184.129
 207.8.195.145
 telnet pass - easy
 C2600. IOS Version 12.2(1)


 207.8.232.33
 telnet pass - letmein
 enable pass - letmein
 C2900XL. IOS Version 12.0(5.2)XU




